c:\users\rafał\desktop\studia\c++\2 semestr\project\project11\x64\debug\vc141.pdb
c:\users\rafał\desktop\studia\c++\2 semestr\project\project11\x64\debug\vc141.idb
c:\users\rafał\desktop\studia\c++\2 semestr\project\project11\x64\debug\circle.obj
c:\users\rafał\desktop\studia\c++\2 semestr\project\project11\x64\debug\complexshape.obj
c:\users\rafał\desktop\studia\c++\2 semestr\project\project11\x64\debug\display.obj
c:\users\rafał\desktop\studia\c++\2 semestr\project\project11\x64\debug\graphicaldisplay.obj
c:\users\rafał\desktop\studia\c++\2 semestr\project\project11\x64\debug\parallelogram.obj
c:\users\rafał\desktop\studia\c++\2 semestr\project\project11\x64\debug\shape.obj
c:\users\rafał\desktop\studia\c++\2 semestr\project\project11\x64\debug\source.obj
c:\users\rafał\desktop\studia\c++\2 semestr\project\project11\x64\debug\textdisplay.obj
c:\users\rafał\desktop\studia\c++\2 semestr\project\project11\x64\debug\triangle.obj
c:\users\rafał\desktop\studia\c++\2 semestr\project\x64\debug\project11.exe
c:\users\rafał\desktop\studia\c++\2 semestr\project\x64\debug\project11.ilk
c:\users\rafał\desktop\studia\c++\2 semestr\project\x64\debug\project11.pdb
c:\users\rafał\desktop\studia\c++\2 semestr\project\project11\x64\debug\project11.tlog\cl.command.1.tlog
c:\users\rafał\desktop\studia\c++\2 semestr\project\project11\x64\debug\project11.tlog\cl.read.1.tlog
c:\users\rafał\desktop\studia\c++\2 semestr\project\project11\x64\debug\project11.tlog\cl.write.1.tlog
c:\users\rafał\desktop\studia\c++\2 semestr\project\project11\x64\debug\project11.tlog\link.command.1.tlog
c:\users\rafał\desktop\studia\c++\2 semestr\project\project11\x64\debug\project11.tlog\link.read.1.tlog
c:\users\rafał\desktop\studia\c++\2 semestr\project\project11\x64\debug\project11.tlog\link.write.1.tlog
